mode: set
github.com/egorque1/vortex-test/internal/mocks/mocks.go:12.100,15.2 2 0
github.com/egorque1/vortex-test/internal/mocks/mocks.go:17.78,20.2 2 0
github.com/egorque1/vortex-test/internal/mocks/mocks.go:22.102,25.2 2 0
github.com/egorque1/vortex-test/internal/mocks/mocks.go:27.81,30.2 2 0
github.com/egorque1/vortex-test/internal/mocks/mocks.go:36.93,39.2 2 0
github.com/egorque1/vortex-test/internal/mocks/mocks.go:41.75,44.2 2 0
github.com/egorque1/vortex-test/internal/mocks/mocks.go:46.99,49.2 2 0
github.com/egorque1/vortex-test/internal/mocks/mocks.go:51.78,54.2 2 0
github.com/egorque1/vortex-test/internal/entity/order_book.go:24.66,26.16 2 0
github.com/egorque1/vortex-test/internal/entity/order_book.go:26.16,28.3 1 0
github.com/egorque1/vortex-test/internal/entity/order_book.go:30.2,31.16 2 0
github.com/egorque1/vortex-test/internal/entity/order_book.go:31.16,33.3 1 0
github.com/egorque1/vortex-test/internal/entity/order_book.go:35.2,41.8 1 0
github.com/egorque1/vortex-test/internal/entity/order_book.go:44.63,46.64 2 0
github.com/egorque1/vortex-test/internal/entity/order_book.go:46.64,48.3 1 0
github.com/egorque1/vortex-test/internal/entity/order_book.go:50.2,51.64 2 0
github.com/egorque1/vortex-test/internal/entity/order_book.go:51.64,53.3 1 0
github.com/egorque1/vortex-test/internal/entity/order_book.go:55.2,61.8 1 0
github.com/egorque1/vortex-test/main.go:23.13,25.16 2 0
github.com/egorque1/vortex-test/main.go:25.16,27.3 1 0
github.com/egorque1/vortex-test/main.go:28.2,30.45 2 0
github.com/egorque1/vortex-test/main.go:30.45,32.3 1 0
github.com/egorque1/vortex-test/main.go:34.2,42.29 6 0
github.com/egorque1/vortex-test/main.go:42.29,47.3 3 0
github.com/egorque1/vortex-test/main.go:48.2,48.29 1 0
github.com/egorque1/vortex-test/main.go:48.29,53.3 3 0
github.com/egorque1/vortex-test/main.go:55.2,56.33 2 0
github.com/egorque1/vortex-test/docs/docs.go:341.13,343.2 1 0
github.com/egorque1/vortex-test/internal/db/db.go:12.44,14.16 2 0
github.com/egorque1/vortex-test/internal/db/db.go:14.16,16.3 1 0
github.com/egorque1/vortex-test/internal/db/db.go:18.2,27.16 8 0
github.com/egorque1/vortex-test/internal/db/db.go:27.16,29.3 1 0
github.com/egorque1/vortex-test/internal/db/db.go:30.2,31.16 2 0
github.com/egorque1/vortex-test/internal/db/db.go:31.16,33.3 1 0
github.com/egorque1/vortex-test/internal/db/db.go:34.2,34.37 1 0
github.com/egorque1/vortex-test/internal/db/db.go:34.37,36.3 1 0
github.com/egorque1/vortex-test/internal/db/db.go:38.2,38.16 1 0
github.com/egorque1/vortex-test/internal/db/db.go:41.33,53.55 2 0
github.com/egorque1/vortex-test/internal/db/db.go:53.55,55.3 1 0
github.com/egorque1/vortex-test/internal/db/db.go:57.2,76.58 2 0
github.com/egorque1/vortex-test/internal/db/db.go:76.58,78.3 1 0
github.com/egorque1/vortex-test/internal/db/db.go:80.2,80.12 1 0
github.com/egorque1/vortex-test/main.go:23.13,25.16 2 0
github.com/egorque1/vortex-test/main.go:25.16,27.3 1 0
github.com/egorque1/vortex-test/main.go:28.2,30.45 2 0
github.com/egorque1/vortex-test/main.go:30.45,32.3 1 0
github.com/egorque1/vortex-test/main.go:34.2,42.29 6 0
github.com/egorque1/vortex-test/main.go:42.29,47.3 3 0
github.com/egorque1/vortex-test/main.go:48.2,48.29 1 0
github.com/egorque1/vortex-test/main.go:48.29,53.3 3 0
github.com/egorque1/vortex-test/main.go:55.2,56.33 2 0
github.com/egorque1/vortex-test/docs/docs.go:341.13,343.2 1 0
github.com/egorque1/vortex-test/internal/db/db.go:12.44,14.16 2 0
github.com/egorque1/vortex-test/internal/db/db.go:14.16,16.3 1 0
github.com/egorque1/vortex-test/internal/db/db.go:18.2,27.16 8 0
github.com/egorque1/vortex-test/internal/db/db.go:27.16,29.3 1 0
github.com/egorque1/vortex-test/internal/db/db.go:30.2,31.16 2 0
github.com/egorque1/vortex-test/internal/db/db.go:31.16,33.3 1 0
github.com/egorque1/vortex-test/internal/db/db.go:34.2,34.37 1 0
github.com/egorque1/vortex-test/internal/db/db.go:34.37,36.3 1 0
github.com/egorque1/vortex-test/internal/db/db.go:38.2,38.16 1 0
github.com/egorque1/vortex-test/internal/db/db.go:41.33,53.55 2 0
github.com/egorque1/vortex-test/internal/db/db.go:53.55,55.3 1 0
github.com/egorque1/vortex-test/internal/db/db.go:57.2,76.58 2 0
github.com/egorque1/vortex-test/internal/db/db.go:76.58,78.3 1 0
github.com/egorque1/vortex-test/internal/db/db.go:80.2,80.12 1 0
github.com/egorque1/vortex-test/internal/entity/order_book.go:24.66,26.16 2 0
github.com/egorque1/vortex-test/internal/entity/order_book.go:26.16,28.3 1 0
github.com/egorque1/vortex-test/internal/entity/order_book.go:30.2,31.16 2 0
github.com/egorque1/vortex-test/internal/entity/order_book.go:31.16,33.3 1 0
github.com/egorque1/vortex-test/internal/entity/order_book.go:35.2,41.8 1 0
github.com/egorque1/vortex-test/internal/entity/order_book.go:44.63,46.64 2 0
github.com/egorque1/vortex-test/internal/entity/order_book.go:46.64,48.3 1 0
github.com/egorque1/vortex-test/internal/entity/order_book.go:50.2,51.64 2 0
github.com/egorque1/vortex-test/internal/entity/order_book.go:51.64,53.3 1 0
github.com/egorque1/vortex-test/internal/entity/order_book.go:55.2,61.8 1 0
github.com/egorque1/vortex-test/internal/mocks/mocks.go:12.100,15.2 2 0
github.com/egorque1/vortex-test/internal/mocks/mocks.go:17.78,20.2 2 0
github.com/egorque1/vortex-test/internal/mocks/mocks.go:22.102,25.2 2 0
github.com/egorque1/vortex-test/internal/mocks/mocks.go:27.81,30.2 2 0
github.com/egorque1/vortex-test/internal/mocks/mocks.go:36.93,39.2 2 1
github.com/egorque1/vortex-test/internal/mocks/mocks.go:41.75,44.2 2 0
github.com/egorque1/vortex-test/internal/mocks/mocks.go:46.99,49.2 2 1
github.com/egorque1/vortex-test/internal/mocks/mocks.go:51.78,54.2 2 1
github.com/egorque1/vortex-test/internal/modules/controller/controller.go:25.95,27.2 1 1
github.com/egorque1/vortex-test/internal/modules/controller/controller.go:39.91,41.61 2 1
github.com/egorque1/vortex-test/internal/modules/controller/controller.go:41.61,44.3 2 1
github.com/egorque1/vortex-test/internal/modules/controller/controller.go:46.2,47.16 2 1
github.com/egorque1/vortex-test/internal/modules/controller/controller.go:47.16,50.3 2 0
github.com/egorque1/vortex-test/internal/modules/controller/controller.go:52.2,55.16 4 1
github.com/egorque1/vortex-test/internal/modules/controller/controller.go:68.92,70.61 2 1
github.com/egorque1/vortex-test/internal/modules/controller/controller.go:70.61,73.3 2 1
github.com/egorque1/vortex-test/internal/modules/controller/controller.go:75.2,76.16 2 0
github.com/egorque1/vortex-test/internal/modules/controller/controller.go:76.16,79.3 2 0
github.com/egorque1/vortex-test/internal/modules/controller/controller.go:81.2,81.30 1 0
github.com/egorque1/vortex-test/internal/modules/controller/controller.go:95.94,97.61 2 1
github.com/egorque1/vortex-test/internal/modules/controller/controller.go:97.61,100.3 2 1
github.com/egorque1/vortex-test/internal/modules/controller/controller.go:102.2,103.35 2 1
github.com/egorque1/vortex-test/internal/modules/controller/controller.go:103.35,106.3 2 0
github.com/egorque1/vortex-test/internal/modules/controller/controller.go:107.2,107.16 1 1
github.com/egorque1/vortex-test/internal/modules/controller/controller.go:107.16,110.3 2 0
github.com/egorque1/vortex-test/internal/modules/controller/controller.go:112.2,115.16 4 1
github.com/egorque1/vortex-test/internal/modules/controller/controller.go:128.95,130.61 2 1
github.com/egorque1/vortex-test/internal/modules/controller/controller.go:130.61,133.3 2 1
github.com/egorque1/vortex-test/internal/modules/controller/controller.go:135.2,136.16 2 1
github.com/egorque1/vortex-test/internal/modules/controller/controller.go:136.16,139.3 2 0
github.com/egorque1/vortex-test/internal/modules/controller/controller.go:141.2,141.30 1 1
github.com/egorque1/vortex-test/internal/modules/repository/repository.go:21.54,23.2 1 0
github.com/egorque1/vortex-test/internal/modules/repository/repository.go:32.101,38.26 3 0
github.com/egorque1/vortex-test/internal/modules/repository/repository.go:38.26,40.3 1 0
github.com/egorque1/vortex-test/internal/modules/repository/repository.go:42.2,42.21 1 0
github.com/egorque1/vortex-test/internal/modules/repository/repository.go:42.21,44.3 1 0
github.com/egorque1/vortex-test/internal/modules/repository/repository.go:46.2,47.45 2 0
github.com/egorque1/vortex-test/internal/modules/repository/repository.go:47.45,49.17 2 0
github.com/egorque1/vortex-test/internal/modules/repository/repository.go:49.17,51.4 1 0
github.com/egorque1/vortex-test/internal/modules/repository/repository.go:52.3,52.45 1 0
github.com/egorque1/vortex-test/internal/modules/repository/repository.go:55.2,55.24 1 0
github.com/egorque1/vortex-test/internal/modules/repository/repository.go:64.78,65.26 1 0
github.com/egorque1/vortex-test/internal/modules/repository/repository.go:65.26,67.17 2 0
github.com/egorque1/vortex-test/internal/modules/repository/repository.go:67.17,69.4 1 0
github.com/egorque1/vortex-test/internal/modules/repository/repository.go:71.3,71.57 1 0
github.com/egorque1/vortex-test/internal/modules/repository/repository.go:71.57,73.4 1 0
github.com/egorque1/vortex-test/internal/modules/repository/repository.go:75.2,75.12 1 0
github.com/egorque1/vortex-test/internal/modules/repository/repository.go:85.102,94.26 3 0
github.com/egorque1/vortex-test/internal/modules/repository/repository.go:94.26,96.3 1 0
github.com/egorque1/vortex-test/internal/modules/repository/repository.go:98.2,98.21 1 0
github.com/egorque1/vortex-test/internal/modules/repository/repository.go:98.21,100.3 1 0
github.com/egorque1/vortex-test/internal/modules/repository/repository.go:102.2,102.26 1 0
github.com/egorque1/vortex-test/internal/modules/repository/repository.go:110.81,112.21 2 0
github.com/egorque1/vortex-test/internal/modules/repository/repository.go:112.21,114.3 1 0
github.com/egorque1/vortex-test/internal/modules/repository/repository.go:116.2,116.12 1 0
github.com/egorque1/vortex-test/internal/modules/service/service.go:19.68,21.2 1 0
github.com/egorque1/vortex-test/internal/modules/service/service.go:28.98,30.2 1 0
github.com/egorque1/vortex-test/internal/modules/service/service.go:37.79,39.2 1 0
github.com/egorque1/vortex-test/internal/modules/service/service.go:46.99,48.2 1 0
github.com/egorque1/vortex-test/internal/modules/service/service.go:54.78,56.2 1 0
github.com/egorque1/vortex-test/main.go:23.13,25.16 2 0
github.com/egorque1/vortex-test/main.go:25.16,27.3 1 0
github.com/egorque1/vortex-test/main.go:28.2,30.45 2 0
github.com/egorque1/vortex-test/main.go:30.45,32.3 1 0
github.com/egorque1/vortex-test/main.go:34.2,42.29 6 0
github.com/egorque1/vortex-test/main.go:42.29,47.3 3 0
github.com/egorque1/vortex-test/main.go:48.2,48.29 1 0
github.com/egorque1/vortex-test/main.go:48.29,53.3 3 0
github.com/egorque1/vortex-test/main.go:55.2,56.33 2 0
github.com/egorque1/vortex-test/docs/docs.go:341.13,343.2 1 0
github.com/egorque1/vortex-test/internal/db/db.go:12.44,14.16 2 0
github.com/egorque1/vortex-test/internal/db/db.go:14.16,16.3 1 0
github.com/egorque1/vortex-test/internal/db/db.go:18.2,27.16 8 0
github.com/egorque1/vortex-test/internal/db/db.go:27.16,29.3 1 0
github.com/egorque1/vortex-test/internal/db/db.go:30.2,31.16 2 0
github.com/egorque1/vortex-test/internal/db/db.go:31.16,33.3 1 0
github.com/egorque1/vortex-test/internal/db/db.go:34.2,34.37 1 0
github.com/egorque1/vortex-test/internal/db/db.go:34.37,36.3 1 0
github.com/egorque1/vortex-test/internal/db/db.go:38.2,38.16 1 0
github.com/egorque1/vortex-test/internal/db/db.go:41.33,53.55 2 0
github.com/egorque1/vortex-test/internal/db/db.go:53.55,55.3 1 0
github.com/egorque1/vortex-test/internal/db/db.go:57.2,76.58 2 0
github.com/egorque1/vortex-test/internal/db/db.go:76.58,78.3 1 0
github.com/egorque1/vortex-test/internal/db/db.go:80.2,80.12 1 0
github.com/egorque1/vortex-test/internal/entity/order_book.go:24.66,26.16 2 1
github.com/egorque1/vortex-test/internal/entity/order_book.go:26.16,28.3 1 0
github.com/egorque1/vortex-test/internal/entity/order_book.go:30.2,31.16 2 1
github.com/egorque1/vortex-test/internal/entity/order_book.go:31.16,33.3 1 0
github.com/egorque1/vortex-test/internal/entity/order_book.go:35.2,41.8 1 1
github.com/egorque1/vortex-test/internal/entity/order_book.go:44.63,46.64 2 1
github.com/egorque1/vortex-test/internal/entity/order_book.go:46.64,48.3 1 0
github.com/egorque1/vortex-test/internal/entity/order_book.go:50.2,51.64 2 1
github.com/egorque1/vortex-test/internal/entity/order_book.go:51.64,53.3 1 0
github.com/egorque1/vortex-test/internal/entity/order_book.go:55.2,61.8 1 1
github.com/egorque1/vortex-test/internal/mocks/mocks.go:12.100,15.2 2 0
github.com/egorque1/vortex-test/internal/mocks/mocks.go:17.78,20.2 2 0
github.com/egorque1/vortex-test/internal/mocks/mocks.go:22.102,25.2 2 0
github.com/egorque1/vortex-test/internal/mocks/mocks.go:27.81,30.2 2 0
github.com/egorque1/vortex-test/internal/mocks/mocks.go:36.93,39.2 2 0
github.com/egorque1/vortex-test/internal/mocks/mocks.go:41.75,44.2 2 0
github.com/egorque1/vortex-test/internal/mocks/mocks.go:46.99,49.2 2 0
github.com/egorque1/vortex-test/internal/mocks/mocks.go:51.78,54.2 2 0
github.com/egorque1/vortex-test/internal/modules/controller/controller.go:25.95,27.2 1 0
github.com/egorque1/vortex-test/internal/modules/controller/controller.go:39.91,41.61 2 0
github.com/egorque1/vortex-test/internal/modules/controller/controller.go:41.61,44.3 2 0
github.com/egorque1/vortex-test/internal/modules/controller/controller.go:46.2,47.16 2 0
github.com/egorque1/vortex-test/internal/modules/controller/controller.go:47.16,50.3 2 0
github.com/egorque1/vortex-test/internal/modules/controller/controller.go:52.2,55.16 4 0
github.com/egorque1/vortex-test/internal/modules/controller/controller.go:68.92,70.61 2 0
github.com/egorque1/vortex-test/internal/modules/controller/controller.go:70.61,73.3 2 0
github.com/egorque1/vortex-test/internal/modules/controller/controller.go:75.2,76.16 2 0
github.com/egorque1/vortex-test/internal/modules/controller/controller.go:76.16,79.3 2 0
github.com/egorque1/vortex-test/internal/modules/controller/controller.go:81.2,81.30 1 0
github.com/egorque1/vortex-test/internal/modules/controller/controller.go:95.94,97.61 2 0
github.com/egorque1/vortex-test/internal/modules/controller/controller.go:97.61,100.3 2 0
github.com/egorque1/vortex-test/internal/modules/controller/controller.go:102.2,103.35 2 0
github.com/egorque1/vortex-test/internal/modules/controller/controller.go:103.35,106.3 2 0
github.com/egorque1/vortex-test/internal/modules/controller/controller.go:107.2,107.16 1 0
github.com/egorque1/vortex-test/internal/modules/controller/controller.go:107.16,110.3 2 0
github.com/egorque1/vortex-test/internal/modules/controller/controller.go:112.2,115.16 4 0
github.com/egorque1/vortex-test/internal/modules/controller/controller.go:128.95,130.61 2 0
github.com/egorque1/vortex-test/internal/modules/controller/controller.go:130.61,133.3 2 0
github.com/egorque1/vortex-test/internal/modules/controller/controller.go:135.2,136.16 2 0
github.com/egorque1/vortex-test/internal/modules/controller/controller.go:136.16,139.3 2 0
github.com/egorque1/vortex-test/internal/modules/controller/controller.go:141.2,141.30 1 0
github.com/egorque1/vortex-test/internal/modules/repository/repository.go:21.54,23.2 1 1
github.com/egorque1/vortex-test/internal/modules/repository/repository.go:32.101,38.26 3 1
github.com/egorque1/vortex-test/internal/modules/repository/repository.go:38.26,40.3 1 1
github.com/egorque1/vortex-test/internal/modules/repository/repository.go:42.2,42.21 1 1
github.com/egorque1/vortex-test/internal/modules/repository/repository.go:42.21,44.3 1 0
github.com/egorque1/vortex-test/internal/modules/repository/repository.go:46.2,47.45 2 1
github.com/egorque1/vortex-test/internal/modules/repository/repository.go:47.45,49.17 2 1
github.com/egorque1/vortex-test/internal/modules/repository/repository.go:49.17,51.4 1 0
github.com/egorque1/vortex-test/internal/modules/repository/repository.go:52.3,52.45 1 1
github.com/egorque1/vortex-test/internal/modules/repository/repository.go:55.2,55.24 1 1
github.com/egorque1/vortex-test/internal/modules/repository/repository.go:64.78,65.26 1 1
github.com/egorque1/vortex-test/internal/modules/repository/repository.go:65.26,67.17 2 1
github.com/egorque1/vortex-test/internal/modules/repository/repository.go:67.17,69.4 1 0
github.com/egorque1/vortex-test/internal/modules/repository/repository.go:71.3,71.57 1 1
github.com/egorque1/vortex-test/internal/modules/repository/repository.go:71.57,73.4 1 1
github.com/egorque1/vortex-test/internal/modules/repository/repository.go:75.2,75.12 1 0
github.com/egorque1/vortex-test/internal/modules/repository/repository.go:85.102,94.26 3 1
github.com/egorque1/vortex-test/internal/modules/repository/repository.go:94.26,96.3 1 1
github.com/egorque1/vortex-test/internal/modules/repository/repository.go:98.2,98.21 1 1
github.com/egorque1/vortex-test/internal/modules/repository/repository.go:98.21,100.3 1 0
github.com/egorque1/vortex-test/internal/modules/repository/repository.go:102.2,102.26 1 1
github.com/egorque1/vortex-test/internal/modules/repository/repository.go:110.81,112.21 2 1
github.com/egorque1/vortex-test/internal/modules/repository/repository.go:112.21,114.3 1 1
github.com/egorque1/vortex-test/internal/modules/repository/repository.go:116.2,116.12 1 0
github.com/egorque1/vortex-test/internal/modules/service/service.go:19.68,21.2 1 0
github.com/egorque1/vortex-test/internal/modules/service/service.go:28.98,30.2 1 0
github.com/egorque1/vortex-test/internal/modules/service/service.go:37.79,39.2 1 0
github.com/egorque1/vortex-test/internal/modules/service/service.go:46.99,48.2 1 0
github.com/egorque1/vortex-test/internal/modules/service/service.go:54.78,56.2 1 0
github.com/egorque1/vortex-test/main.go:23.13,25.16 2 0
github.com/egorque1/vortex-test/main.go:25.16,27.3 1 0
github.com/egorque1/vortex-test/main.go:28.2,30.45 2 0
github.com/egorque1/vortex-test/main.go:30.45,32.3 1 0
github.com/egorque1/vortex-test/main.go:34.2,42.29 6 0
github.com/egorque1/vortex-test/main.go:42.29,47.3 3 0
github.com/egorque1/vortex-test/main.go:48.2,48.29 1 0
github.com/egorque1/vortex-test/main.go:48.29,53.3 3 0
github.com/egorque1/vortex-test/main.go:55.2,56.33 2 0
github.com/egorque1/vortex-test/docs/docs.go:341.13,343.2 1 0
github.com/egorque1/vortex-test/internal/db/db.go:12.44,14.16 2 0
github.com/egorque1/vortex-test/internal/db/db.go:14.16,16.3 1 0
github.com/egorque1/vortex-test/internal/db/db.go:18.2,27.16 8 0
github.com/egorque1/vortex-test/internal/db/db.go:27.16,29.3 1 0
github.com/egorque1/vortex-test/internal/db/db.go:30.2,31.16 2 0
github.com/egorque1/vortex-test/internal/db/db.go:31.16,33.3 1 0
github.com/egorque1/vortex-test/internal/db/db.go:34.2,34.37 1 0
github.com/egorque1/vortex-test/internal/db/db.go:34.37,36.3 1 0
github.com/egorque1/vortex-test/internal/db/db.go:38.2,38.16 1 0
github.com/egorque1/vortex-test/internal/db/db.go:41.33,53.55 2 0
github.com/egorque1/vortex-test/internal/db/db.go:53.55,55.3 1 0
github.com/egorque1/vortex-test/internal/db/db.go:57.2,76.58 2 0
github.com/egorque1/vortex-test/internal/db/db.go:76.58,78.3 1 0
github.com/egorque1/vortex-test/internal/db/db.go:80.2,80.12 1 0
github.com/egorque1/vortex-test/internal/entity/order_book.go:24.66,26.16 2 0
github.com/egorque1/vortex-test/internal/entity/order_book.go:26.16,28.3 1 0
github.com/egorque1/vortex-test/internal/entity/order_book.go:30.2,31.16 2 0
github.com/egorque1/vortex-test/internal/entity/order_book.go:31.16,33.3 1 0
github.com/egorque1/vortex-test/internal/entity/order_book.go:35.2,41.8 1 0
github.com/egorque1/vortex-test/internal/entity/order_book.go:44.63,46.64 2 0
github.com/egorque1/vortex-test/internal/entity/order_book.go:46.64,48.3 1 0
github.com/egorque1/vortex-test/internal/entity/order_book.go:50.2,51.64 2 0
github.com/egorque1/vortex-test/internal/entity/order_book.go:51.64,53.3 1 0
github.com/egorque1/vortex-test/internal/entity/order_book.go:55.2,61.8 1 0
github.com/egorque1/vortex-test/internal/mocks/mocks.go:12.100,15.2 2 1
github.com/egorque1/vortex-test/internal/mocks/mocks.go:17.78,20.2 2 1
github.com/egorque1/vortex-test/internal/mocks/mocks.go:22.102,25.2 2 1
github.com/egorque1/vortex-test/internal/mocks/mocks.go:27.81,30.2 2 1
github.com/egorque1/vortex-test/internal/mocks/mocks.go:36.93,39.2 2 0
github.com/egorque1/vortex-test/internal/mocks/mocks.go:41.75,44.2 2 0
github.com/egorque1/vortex-test/internal/mocks/mocks.go:46.99,49.2 2 0
github.com/egorque1/vortex-test/internal/mocks/mocks.go:51.78,54.2 2 0
github.com/egorque1/vortex-test/internal/modules/controller/controller.go:25.95,27.2 1 0
github.com/egorque1/vortex-test/internal/modules/controller/controller.go:39.91,41.61 2 0
github.com/egorque1/vortex-test/internal/modules/controller/controller.go:41.61,44.3 2 0
github.com/egorque1/vortex-test/internal/modules/controller/controller.go:46.2,47.16 2 0
github.com/egorque1/vortex-test/internal/modules/controller/controller.go:47.16,50.3 2 0
github.com/egorque1/vortex-test/internal/modules/controller/controller.go:52.2,55.16 4 0
github.com/egorque1/vortex-test/internal/modules/controller/controller.go:68.92,70.61 2 0
github.com/egorque1/vortex-test/internal/modules/controller/controller.go:70.61,73.3 2 0
github.com/egorque1/vortex-test/internal/modules/controller/controller.go:75.2,76.16 2 0
github.com/egorque1/vortex-test/internal/modules/controller/controller.go:76.16,79.3 2 0
github.com/egorque1/vortex-test/internal/modules/controller/controller.go:81.2,81.30 1 0
github.com/egorque1/vortex-test/internal/modules/controller/controller.go:95.94,97.61 2 0
github.com/egorque1/vortex-test/internal/modules/controller/controller.go:97.61,100.3 2 0
github.com/egorque1/vortex-test/internal/modules/controller/controller.go:102.2,103.35 2 0
github.com/egorque1/vortex-test/internal/modules/controller/controller.go:103.35,106.3 2 0
github.com/egorque1/vortex-test/internal/modules/controller/controller.go:107.2,107.16 1 0
github.com/egorque1/vortex-test/internal/modules/controller/controller.go:107.16,110.3 2 0
github.com/egorque1/vortex-test/internal/modules/controller/controller.go:112.2,115.16 4 0
github.com/egorque1/vortex-test/internal/modules/controller/controller.go:128.95,130.61 2 0
github.com/egorque1/vortex-test/internal/modules/controller/controller.go:130.61,133.3 2 0
github.com/egorque1/vortex-test/internal/modules/controller/controller.go:135.2,136.16 2 0
github.com/egorque1/vortex-test/internal/modules/controller/controller.go:136.16,139.3 2 0
github.com/egorque1/vortex-test/internal/modules/controller/controller.go:141.2,141.30 1 0
github.com/egorque1/vortex-test/internal/modules/repository/repository.go:21.54,23.2 1 0
github.com/egorque1/vortex-test/internal/modules/repository/repository.go:32.101,38.26 3 0
github.com/egorque1/vortex-test/internal/modules/repository/repository.go:38.26,40.3 1 0
github.com/egorque1/vortex-test/internal/modules/repository/repository.go:42.2,42.21 1 0
github.com/egorque1/vortex-test/internal/modules/repository/repository.go:42.21,44.3 1 0
github.com/egorque1/vortex-test/internal/modules/repository/repository.go:46.2,47.45 2 0
github.com/egorque1/vortex-test/internal/modules/repository/repository.go:47.45,49.17 2 0
github.com/egorque1/vortex-test/internal/modules/repository/repository.go:49.17,51.4 1 0
github.com/egorque1/vortex-test/internal/modules/repository/repository.go:52.3,52.45 1 0
github.com/egorque1/vortex-test/internal/modules/repository/repository.go:55.2,55.24 1 0
github.com/egorque1/vortex-test/internal/modules/repository/repository.go:64.78,65.26 1 0
github.com/egorque1/vortex-test/internal/modules/repository/repository.go:65.26,67.17 2 0
github.com/egorque1/vortex-test/internal/modules/repository/repository.go:67.17,69.4 1 0
github.com/egorque1/vortex-test/internal/modules/repository/repository.go:71.3,71.57 1 0
github.com/egorque1/vortex-test/internal/modules/repository/repository.go:71.57,73.4 1 0
github.com/egorque1/vortex-test/internal/modules/repository/repository.go:75.2,75.12 1 0
github.com/egorque1/vortex-test/internal/modules/repository/repository.go:85.102,94.26 3 0
github.com/egorque1/vortex-test/internal/modules/repository/repository.go:94.26,96.3 1 0
github.com/egorque1/vortex-test/internal/modules/repository/repository.go:98.2,98.21 1 0
github.com/egorque1/vortex-test/internal/modules/repository/repository.go:98.21,100.3 1 0
github.com/egorque1/vortex-test/internal/modules/repository/repository.go:102.2,102.26 1 0
github.com/egorque1/vortex-test/internal/modules/repository/repository.go:110.81,112.21 2 0
github.com/egorque1/vortex-test/internal/modules/repository/repository.go:112.21,114.3 1 0
github.com/egorque1/vortex-test/internal/modules/repository/repository.go:116.2,116.12 1 0
github.com/egorque1/vortex-test/internal/modules/service/service.go:19.68,21.2 1 1
github.com/egorque1/vortex-test/internal/modules/service/service.go:28.98,30.2 1 1
github.com/egorque1/vortex-test/internal/modules/service/service.go:37.79,39.2 1 1
github.com/egorque1/vortex-test/internal/modules/service/service.go:46.99,48.2 1 1
github.com/egorque1/vortex-test/internal/modules/service/service.go:54.78,56.2 1 1
